<?xml version="1.0" encoding="UTF-8"?>
<testsuite xmlns:xsi="http://www.w3.org/2001/XMLSchema-instance" xsi:noNamespaceSchemaLocation="https://maven.apache.org/surefire/maven-surefire-plugin/xsd/surefire-test-report-3.0.xsd" version="3.0" name="org.harsh.tuple.paisa.controller.WalletControllerTest" time="0.32" tests="9" errors="0" skipped="0" failures="0">
  <properties>
[...]
</properties>
  <testcase name="testRechargeWallet" classname="org.harsh.tuple.paisa.controller.WalletControllerTest" time="0.264"/>
  <testcase name="testGetCombinedHistoryWithTransactionAndCashback" classname="org.harsh.tuple.paisa.controller.WalletControllerTest" time="0.005"/>
  <testcase name="testGetWalletBalanceZero" classname="org.harsh.tuple.paisa.controller.WalletControllerTest" time="0.004"/>
  <testcase name="testGetCombinedHistoryWithOnlyTransaction" classname="org.harsh.tuple.paisa.controller.WalletControllerTest" time="0.004"/>
  <testcase name="testGetWalletBalance" classname="org.harsh.tuple.paisa.controller.WalletControllerTest" time="0.004"/>
  <testcase name="testTransferWallet" classname="org.harsh.tuple.paisa.controller.WalletControllerTest" time="0.005">
    <system-out><![CDATA[2025-06-28T20:18:54.192+05:30  INFO 249357 --- [tuplePaisa] [           main] o.h.t.paisa.controller.WalletController  : Received request to transfer wallet from unknown123 to 30.0
]]></system-out>
  </testcase>
  <testcase name="testGetCombinedHistoryWithPagination_Empty" classname="org.harsh.tuple.paisa.controller.WalletControllerTest" time="0.005"/>
  <testcase name="testGetCombinedHistoryWithOnlyCashback" classname="org.harsh.tuple.paisa.controller.WalletControllerTest" time="0.005"/>
  <testcase name="testTransferWalletWithInvalidRecipient" classname="org.harsh.tuple.paisa.controller.WalletControllerTest" time="0.015">
    <system-out><![CDATA[2025-06-28T20:18:54.219+05:30  INFO 249357 --- [tuplePaisa] [           main] o.h.t.paisa.controller.WalletController  : Received request to transfer wallet from invalid123 to 30.0
]]></system-out>
  </testcase>
</testsuite>