<?xml version="1.0" encoding="UTF-8"?>
<testsuite xmlns:xsi="http://www.w3.org/2001/XMLSchema-instance" xsi:noNamespaceSchemaLocation="https://maven.apache.org/surefire/maven-surefire-plugin/xsd/surefire-test-report-3.0.xsd" version="3.0" name="org.harsh.tuple.paisa.service.WalletServiceTest" time="0.722" tests="39" errors="5" skipped="0" failures="4">
  <properties>
    <property name="java.specification.version" value="21"/>
    <property name="sun.jnu.encoding" value="UTF-8"/>
    <property name="java.class.path" value="/home/harshvardhan/Downloads/tuple_Paisa/TuplePaisa-main/target/test-classes:/home/harshvardhan/Downloads/tuple_Paisa/TuplePaisa-main/target/classes:/home/harshvardhan/.m2/repository/org/springframework/boot/spring-boot-starter-data-mongodb/3.3.5/spring-boot-starter-data-mongodb-3.3.5.jar:/home/harshvardhan/.m2/repository/org/springframework/boot/spring-boot-starter/3.3.5/spring-boot-starter-3.3.5.jar:/home/harshvardhan/.m2/repository/org/springframework/boot/spring-boot-starter-logging/3.3.5/spring-boot-starter-logging-3.3.5.jar:/home/harshvardhan/.m2/repository/ch/qos/logback/logback-classic/1.5.11/logback-classic-1.5.11.jar:/home/harshvardhan/.m2/repository/ch/qos/logback/logback-core/1.5.11/logback-core-1.5.11.jar:/home/harshvardhan/.m2/repository/org/apache/logging/log4j/log4j-to-slf4j/2.23.1/log4j-to-slf4j-2.23.1.jar:/home/harshvardhan/.m2/repository/org/apache/logging/log4j/log4j-api/2.23.1/log4j-api-2.23.1.jar:/home/harshvardhan/.m2/repository/org/slf4j/jul-to-slf4j/2.0.16/jul-to-slf4j-2.0.16.jar:/home/harshvardhan/.m2/repository/jakarta/annotation/jakarta.annotation-api/2.1.1/jakarta.annotation-api-2.1.1.jar:/home/harshvardhan/.m2/repository/org/yaml/snakeyaml/2.2/snakeyaml-2.2.jar:/home/harshvardhan/.m2/repository/org/mongodb/mongodb-driver-sync/5.0.1/mongodb-driver-sync-5.0.1.jar:/home/harshvardhan/.m2/repository/org/mongodb/bson/5.0.1/bson-5.0.1.jar:/home/harshvardhan/.m2/repository/org/mongodb/mongodb-driver-core/5.0.1/mongodb-driver-core-5.0.1.jar:/home/harshvardhan/.m2/repository/org/mongodb/bson-record-codec/5.0.1/bson-record-codec-5.0.1.jar:/home/harshvardhan/.m2/repository/org/springframework/data/spring-data-mongodb/4.3.5/spring-data-mongodb-4.3.5.jar:/home/harshvardhan/.m2/repository/org/springframework/spring-beans/6.1.14/spring-beans-6.1.14.jar:/home/harshvardhan/.m2/repository/org/springframework/spring-expression/6.1.14/spring-expression-6.1.14.jar:/home/harshvardhan/.m2/repository/org/springframework/data/spring-data-commons/3.3.5/spring-data-commons-3.3.5.jar:/home/harshvardhan/.m2/repository/org/slf4j/slf4j-api/2.0.16/slf4j-api-2.0.16.jar:/home/harshvardhan/.m2/repository/org/springframework/boot/spring-boot-starter-mail/3.3.5/spring-boot-starter-mail-3.3.5.jar:/home/harshvardhan/.m2/repository/org/springframework/spring-context-support/6.1.14/spring-context-support-6.1.14.jar:/home/harshvardhan/.m2/repository/org/eclipse/angus/jakarta.mail/2.0.3/jakarta.mail-2.0.3.jar:/home/harshvardhan/.m2/repository/jakarta/activation/jakarta.activation-api/2.1.3/jakarta.activation-api-2.1.3.jar:/home/harshvardhan/.m2/repository/org/eclipse/angus/angus-activation/2.0.2/angus-activation-2.0.2.jar:/home/harshvardhan/.m2/repository/io/jsonwebtoken/jjwt-api/0.11.5/jjwt-api-0.11.5.jar:/home/harshvardhan/.m2/repository/org/springframework/kafka/spring-kafka/3.1.1/spring-kafka-3.1.1.jar:/home/harshvardhan/.m2/repository/org/springframework/spring-context/6.1.14/spring-context-6.1.14.jar:/home/harshvardhan/.m2/repository/org/springframework/spring-messaging/6.1.14/spring-messaging-6.1.14.jar:/home/harshvardhan/.m2/repository/org/springframework/spring-tx/6.1.14/spring-tx-6.1.14.jar:/home/harshvardhan/.m2/repository/org/springframework/retry/spring-retry/2.0.10/spring-retry-2.0.10.jar:/home/harshvardhan/.m2/repository/org/apache/kafka/kafka-clients/3.7.1/kafka-clients-3.7.1.jar:/home/harshvardhan/.m2/repository/com/github/luben/zstd-jni/1.5.6-3/zstd-jni-1.5.6-3.jar:/home/harshvardhan/.m2/repository/org/lz4/lz4-java/1.8.0/lz4-java-1.8.0.jar:/home/harshvardhan/.m2/repository/org/xerial/snappy/snappy-java/1.1.10.5/snappy-java-1.1.10.5.jar:/home/harshvardhan/.m2/repository/io/micrometer/micrometer-observation/1.13.6/micrometer-observation-1.13.6.jar:/home/harshvardhan/.m2/repository/io/micrometer/micrometer-commons/1.13.6/micrometer-commons-1.13.6.jar:/home/harshvardhan/.m2/repository/com/google/code/findbugs/jsr305/3.0.2/jsr305-3.0.2.jar:/home/harshvardhan/.m2/repository/io/jsonwebtoken/jjwt-impl/0.11.5/jjwt-impl-0.11.5.jar:/home/harshvardhan/.m2/repository/io/jsonwebtoken/jjwt-jackson/0.11.5/jjwt-jackson-0.11.5.jar:/home/harshvardhan/.m2/repository/com/fasterxml/jackson/core/jackson-databind/2.17.2/jackson-databind-2.17.2.jar:/home/harshvardhan/.m2/repository/com/fasterxml/jackson/core/jackson-annotations/2.17.2/jackson-annotations-2.17.2.jar:/home/harshvardhan/.m2/repository/com/fasterxml/jackson/core/jackson-core/2.17.2/jackson-core-2.17.2.jar:/home/harshvardhan/.m2/repository/org/junit/jupiter/junit-jupiter/5.9.3/junit-jupiter-5.9.3.jar:/home/harshvardhan/.m2/repository/org/junit/jupiter/junit-jupiter-api/5.10.5/junit-jupiter-api-5.10.5.jar:/home/harshvardhan/.m2/repository/org/opentest4j/opentest4j/1.3.0/opentest4j-1.3.0.jar:/home/harshvardhan/.m2/repository/org/junit/platform/junit-platform-commons/1.10.5/junit-platform-commons-1.10.5.jar:/home/harshvardhan/.m2/repository/org/apiguardian/apiguardian-api/1.1.2/apiguardian-api-1.1.2.jar:/home/harshvardhan/.m2/repository/org/junit/jupiter/junit-jupiter-params/5.10.5/junit-jupiter-params-5.10.5.jar:/home/harshvardhan/.m2/repository/org/junit/jupiter/junit-jupiter-engine/5.10.5/junit-jupiter-engine-5.10.5.jar:/home/harshvardhan/.m2/repository/org/junit/platform/junit-platform-engine/1.10.5/junit-platform-engine-1.10.5.jar:/home/harshvardhan/.m2/repository/org/springframework/boot/spring-boot-starter-security/3.3.5/spring-boot-starter-security-3.3.5.jar:/home/harshvardhan/.m2/repository/org/springframework/spring-aop/6.1.14/spring-aop-6.1.14.jar:/home/harshvardhan/.m2/repository/org/springframework/security/spring-security-config/6.3.4/spring-security-config-6.3.4.jar:/home/harshvardhan/.m2/repository/org/springframework/security/spring-security-web/6.3.4/spring-security-web-6.3.4.jar:/home/harshvardhan/.m2/repository/org/springframework/boot/spring-boot-starter-validation/3.3.5/spring-boot-starter-validation-3.3.5.jar:/home/harshvardhan/.m2/repository/org/apache/tomcat/embed/tomcat-embed-el/10.1.31/tomcat-embed-el-10.1.31.jar:/home/harshvardhan/.m2/repository/org/hibernate/validator/hibernate-validator/8.0.1.Final/hibernate-validator-8.0.1.Final.jar:/home/harshvardhan/.m2/repository/jakarta/validation/jakarta.validation-api/3.0.2/jakarta.validation-api-3.0.2.jar:/home/harshvardhan/.m2/repository/org/jboss/logging/jboss-logging/3.5.3.Final/jboss-logging-3.5.3.Final.jar:/home/harshvardhan/.m2/repository/com/fasterxml/classmate/1.7.0/classmate-1.7.0.jar:/home/harshvardhan/.m2/repository/org/springframework/boot/spring-boot-starter-web/3.3.5/spring-boot-starter-web-3.3.5.jar:/home/harshvardhan/.m2/repository/org/springframework/boot/spring-boot-starter-json/3.3.5/spring-boot-starter-json-3.3.5.jar:/home/harshvardhan/.m2/repository/com/fasterxml/jackson/datatype/jackson-datatype-jdk8/2.17.2/jackson-datatype-jdk8-2.17.2.jar:/home/harshvardhan/.m2/repository/com/fasterxml/jackson/datatype/jackson-datatype-jsr310/2.17.2/jackson-datatype-jsr310-2.17.2.jar:/home/harshvardhan/.m2/repository/com/fasterxml/jackson/module/jackson-module-parameter-names/2.17.2/jackson-module-parameter-names-2.17.2.jar:/home/harshvardhan/.m2/repository/org/springframework/boot/spring-boot-starter-tomcat/3.3.5/spring-boot-starter-tomcat-3.3.5.jar:/home/harshvardhan/.m2/repository/org/apache/tomcat/embed/tomcat-embed-core/10.1.31/tomcat-embed-core-10.1.31.jar:/home/harshvardhan/.m2/repository/org/apache/tomcat/embed/tomcat-embed-websocket/10.1.31/tomcat-embed-websocket-10.1.31.jar:/home/harshvardhan/.m2/repository/org/springframework/spring-web/6.1.14/spring-web-6.1.14.jar:/home/harshvardhan/.m2/repository/org/springframework/spring-webmvc/6.1.14/spring-webmvc-6.1.14.jar:/home/harshvardhan/.m2/repository/org/springframework/boot/spring-boot-devtools/3.3.5/spring-boot-devtools-3.3.5.jar:/home/harshvardhan/.m2/repository/org/springframework/boot/spring-boot/3.3.5/spring-boot-3.3.5.jar:/home/harshvardhan/.m2/repository/org/springframework/boot/spring-boot-autoconfigure/3.3.5/spring-boot-autoconfigure-3.3.5.jar:/home/harshvardhan/.m2/repository/org/projectlombok/lombok/1.18.34/lombok-1.18.34.jar:/home/harshvardhan/.m2/repository/org/springframework/boot/spring-boot-starter-test/3.3.5/spring-boot-starter-test-3.3.5.jar:/home/harshvardhan/.m2/repository/org/springframework/boot/spring-boot-test/3.3.5/spring-boot-test-3.3.5.jar:/home/harshvardhan/.m2/repository/org/springframework/boot/spring-boot-test-autoconfigure/3.3.5/spring-boot-test-autoconfigure-3.3.5.jar:/home/harshvardhan/.m2/repository/com/jayway/jsonpath/json-path/2.9.0/json-path-2.9.0.jar:/home/harshvardhan/.m2/repository/jakarta/xml/bind/jakarta.xml.bind-api/4.0.2/jakarta.xml.bind-api-4.0.2.jar:/home/harshvardhan/.m2/repository/net/minidev/json-smart/2.5.1/json-smart-2.5.1.jar:/home/harshvardhan/.m2/repository/net/minidev/accessors-smart/2.5.1/accessors-smart-2.5.1.jar:/home/harshvardhan/.m2/repository/org/ow2/asm/asm/9.6/asm-9.6.jar:/home/harshvardhan/.m2/repository/org/assertj/assertj-core/3.25.3/assertj-core-3.25.3.jar:/home/harshvardhan/.m2/repository/net/bytebuddy/byte-buddy/1.14.19/byte-buddy-1.14.19.jar:/home/harshvardhan/.m2/repository/org/awaitility/awaitility/4.2.2/awaitility-4.2.2.jar:/home/harshvardhan/.m2/repository/org/hamcrest/hamcrest/2.2/hamcrest-2.2.jar:/home/harshvardhan/.m2/repository/org/mockito/mockito-core/5.11.0/mockito-core-5.11.0.jar:/home/harshvardhan/.m2/repository/net/bytebuddy/byte-buddy-agent/1.14.19/byte-buddy-agent-1.14.19.jar:/home/harshvardhan/.m2/repository/org/objenesis/objenesis/3.3/objenesis-3.3.jar:/home/harshvardhan/.m2/repository/org/mockito/mockito-junit-jupiter/5.11.0/mockito-junit-jupiter-5.11.0.jar:/home/harshvardhan/.m2/repository/org/skyscreamer/jsonassert/1.5.3/jsonassert-1.5.3.jar:/home/harshvardhan/.m2/repository/com/vaadin/external/google/android-json/0.0.20131108.vaadin1/android-json-0.0.20131108.vaadin1.jar:/home/harshvardhan/.m2/repository/org/springframework/spring-core/6.1.14/spring-core-6.1.14.jar:/home/harshvardhan/.m2/repository/org/springframework/spring-jcl/6.1.14/spring-jcl-6.1.14.jar:/home/harshvardhan/.m2/repository/org/springframework/spring-test/6.1.14/spring-test-6.1.14.jar:/home/harshvardhan/.m2/repository/org/xmlunit/xmlunit-core/2.9.1/xmlunit-core-2.9.1.jar:/home/harshvardhan/.m2/repository/org/springframework/restdocs/spring-restdocs-mockmvc/3.0.0/spring-restdocs-mockmvc-3.0.0.jar:/home/harshvardhan/.m2/repository/org/springframework/restdocs/spring-restdocs-core/3.0.0/spring-restdocs-core-3.0.0.jar:/home/harshvardhan/.m2/repository/jakarta/servlet/jakarta.servlet-api/6.0.0/jakarta.servlet-api-6.0.0.jar:/home/harshvardhan/.m2/repository/org/springframework/security/spring-security-test/6.3.4/spring-security-test-6.3.4.jar:/home/harshvardhan/.m2/repository/org/springframework/security/spring-security-core/6.3.4/spring-security-core-6.3.4.jar:/home/harshvardhan/.m2/repository/org/springframework/security/spring-security-crypto/6.3.4/spring-security-crypto-6.3.4.jar:"/>
    <property name="java.vm.vendor" value="Ubuntu"/>
    <property name="sun.arch.data.model" value="64"/>
    <property name="java.vendor.url" value="https://ubuntu.com/"/>
    <property name="user.timezone" value="Asia/Kolkata"/>
    <property name="org.jboss.logging.provider" value="slf4j"/>
    <property name="os.name" value="Linux"/>
    <property name="java.vm.specification.version" value="21"/>
    <property name="sun.java.launcher" value="SUN_STANDARD"/>
    <property name="user.country" value="US"/>
    <property name="sun.boot.library.path" value="/usr/lib/jvm/java-21-openjdk-amd64/lib"/>
    <property name="sun.java.command" value="/home/harshvardhan/Downloads/tuple_Paisa/TuplePaisa-main/target/surefire/surefirebooter-20250628201836034_3.jar /home/harshvardhan/Downloads/tuple_Paisa/TuplePaisa-main/target/surefire 2025-06-28T20-18-35_776-jvmRun1 surefire-20250628201836034_1tmp surefire_0-20250628201836034_2tmp"/>
    <property name="jdk.debug" value="release"/>
    <property name="surefire.test.class.path" value="/home/harshvardhan/Downloads/tuple_Paisa/TuplePaisa-main/target/test-classes:/home/harshvardhan/Downloads/tuple_Paisa/TuplePaisa-main/target/classes:/home/harshvardhan/.m2/repository/org/springframework/boot/spring-boot-starter-data-mongodb/3.3.5/spring-boot-starter-data-mongodb-3.3.5.jar:/home/harshvardhan/.m2/repository/org/springframework/boot/spring-boot-starter/3.3.5/spring-boot-starter-3.3.5.jar:/home/harshvardhan/.m2/repository/org/springframework/boot/spring-boot-starter-logging/3.3.5/spring-boot-starter-logging-3.3.5.jar:/home/harshvardhan/.m2/repository/ch/qos/logback/logback-classic/1.5.11/logback-classic-1.5.11.jar:/home/harshvardhan/.m2/repository/ch/qos/logback/logback-core/1.5.11/logback-core-1.5.11.jar:/home/harshvardhan/.m2/repository/org/apache/logging/log4j/log4j-to-slf4j/2.23.1/log4j-to-slf4j-2.23.1.jar:/home/harshvardhan/.m2/repository/org/apache/logging/log4j/log4j-api/2.23.1/log4j-api-2.23.1.jar:/home/harshvardhan/.m2/repository/org/slf4j/jul-to-slf4j/2.0.16/jul-to-slf4j-2.0.16.jar:/home/harshvardhan/.m2/repository/jakarta/annotation/jakarta.annotation-api/2.1.1/jakarta.annotation-api-2.1.1.jar:/home/harshvardhan/.m2/repository/org/yaml/snakeyaml/2.2/snakeyaml-2.2.jar:/home/harshvardhan/.m2/repository/org/mongodb/mongodb-driver-sync/5.0.1/mongodb-driver-sync-5.0.1.jar:/home/harshvardhan/.m2/repository/org/mongodb/bson/5.0.1/bson-5.0.1.jar:/home/harshvardhan/.m2/repository/org/mongodb/mongodb-driver-core/5.0.1/mongodb-driver-core-5.0.1.jar:/home/harshvardhan/.m2/repository/org/mongodb/bson-record-codec/5.0.1/bson-record-codec-5.0.1.jar:/home/harshvardhan/.m2/repository/org/springframework/data/spring-data-mongodb/4.3.5/spring-data-mongodb-4.3.5.jar:/home/harshvardhan/.m2/repository/org/springframework/spring-beans/6.1.14/spring-beans-6.1.14.jar:/home/harshvardhan/.m2/repository/org/springframework/spring-expression/6.1.14/spring-expression-6.1.14.jar:/home/harshvardhan/.m2/repository/org/springframework/data/spring-data-commons/3.3.5/spring-data-commons-3.3.5.jar:/home/harshvardhan/.m2/repository/org/slf4j/slf4j-api/2.0.16/slf4j-api-2.0.16.jar:/home/harshvardhan/.m2/repository/org/springframework/boot/spring-boot-starter-mail/3.3.5/spring-boot-starter-mail-3.3.5.jar:/home/harshvardhan/.m2/repository/org/springframework/spring-context-support/6.1.14/spring-context-support-6.1.14.jar:/home/harshvardhan/.m2/repository/org/eclipse/angus/jakarta.mail/2.0.3/jakarta.mail-2.0.3.jar:/home/harshvardhan/.m2/repository/jakarta/activation/jakarta.activation-api/2.1.3/jakarta.activation-api-2.1.3.jar:/home/harshvardhan/.m2/repository/org/eclipse/angus/angus-activation/2.0.2/angus-activation-2.0.2.jar:/home/harshvardhan/.m2/repository/io/jsonwebtoken/jjwt-api/0.11.5/jjwt-api-0.11.5.jar:/home/harshvardhan/.m2/repository/org/springframework/kafka/spring-kafka/3.1.1/spring-kafka-3.1.1.jar:/home/harshvardhan/.m2/repository/org/springframework/spring-context/6.1.14/spring-context-6.1.14.jar:/home/harshvardhan/.m2/repository/org/springframework/spring-messaging/6.1.14/spring-messaging-6.1.14.jar:/home/harshvardhan/.m2/repository/org/springframework/spring-tx/6.1.14/spring-tx-6.1.14.jar:/home/harshvardhan/.m2/repository/org/springframework/retry/spring-retry/2.0.10/spring-retry-2.0.10.jar:/home/harshvardhan/.m2/repository/org/apache/kafka/kafka-clients/3.7.1/kafka-clients-3.7.1.jar:/home/harshvardhan/.m2/repository/com/github/luben/zstd-jni/1.5.6-3/zstd-jni-1.5.6-3.jar:/home/harshvardhan/.m2/repository/org/lz4/lz4-java/1.8.0/lz4-java-1.8.0.jar:/home/harshvardhan/.m2/repository/org/xerial/snappy/snappy-java/1.1.10.5/snappy-java-1.1.10.5.jar:/home/harshvardhan/.m2/repository/io/micrometer/micrometer-observation/1.13.6/micrometer-observation-1.13.6.jar:/home/harshvardhan/.m2/repository/io/micrometer/micrometer-commons/1.13.6/micrometer-commons-1.13.6.jar:/home/harshvardhan/.m2/repository/com/google/code/findbugs/jsr305/3.0.2/jsr305-3.0.2.jar:/home/harshvardhan/.m2/repository/io/jsonwebtoken/jjwt-impl/0.11.5/jjwt-impl-0.11.5.jar:/home/harshvardhan/.m2/repository/io/jsonwebtoken/jjwt-jackson/0.11.5/jjwt-jackson-0.11.5.jar:/home/harshvardhan/.m2/repository/com/fasterxml/jackson/core/jackson-databind/2.17.2/jackson-databind-2.17.2.jar:/home/harshvardhan/.m2/repository/com/fasterxml/jackson/core/jackson-annotations/2.17.2/jackson-annotations-2.17.2.jar:/home/harshvardhan/.m2/repository/com/fasterxml/jackson/core/jackson-core/2.17.2/jackson-core-2.17.2.jar:/home/harshvardhan/.m2/repository/org/junit/jupiter/junit-jupiter/5.9.3/junit-jupiter-5.9.3.jar:/home/harshvardhan/.m2/repository/org/junit/jupiter/junit-jupiter-api/5.10.5/junit-jupiter-api-5.10.5.jar:/home/harshvardhan/.m2/repository/org/opentest4j/opentest4j/1.3.0/opentest4j-1.3.0.jar:/home/harshvardhan/.m2/repository/org/junit/platform/junit-platform-commons/1.10.5/junit-platform-commons-1.10.5.jar:/home/harshvardhan/.m2/repository/org/apiguardian/apiguardian-api/1.1.2/apiguardian-api-1.1.2.jar:/home/harshvardhan/.m2/repository/org/junit/jupiter/junit-jupiter-params/5.10.5/junit-jupiter-params-5.10.5.jar:/home/harshvardhan/.m2/repository/org/junit/jupiter/junit-jupiter-engine/5.10.5/junit-jupiter-engine-5.10.5.jar:/home/harshvardhan/.m2/repository/org/junit/platform/junit-platform-engine/1.10.5/junit-platform-engine-1.10.5.jar:/home/harshvardhan/.m2/repository/org/springframework/boot/spring-boot-starter-security/3.3.5/spring-boot-starter-security-3.3.5.jar:/home/harshvardhan/.m2/repository/org/springframework/spring-aop/6.1.14/spring-aop-6.1.14.jar:/home/harshvardhan/.m2/repository/org/springframework/security/spring-security-config/6.3.4/spring-security-config-6.3.4.jar:/home/harshvardhan/.m2/repository/org/springframework/security/spring-security-web/6.3.4/spring-security-web-6.3.4.jar:/home/harshvardhan/.m2/repository/org/springframework/boot/spring-boot-starter-validation/3.3.5/spring-boot-starter-validation-3.3.5.jar:/home/harshvardhan/.m2/repository/org/apache/tomcat/embed/tomcat-embed-el/10.1.31/tomcat-embed-el-10.1.31.jar:/home/harshvardhan/.m2/repository/org/hibernate/validator/hibernate-validator/8.0.1.Final/hibernate-validator-8.0.1.Final.jar:/home/harshvardhan/.m2/repository/jakarta/validation/jakarta.validation-api/3.0.2/jakarta.validation-api-3.0.2.jar:/home/harshvardhan/.m2/repository/org/jboss/logging/jboss-logging/3.5.3.Final/jboss-logging-3.5.3.Final.jar:/home/harshvardhan/.m2/repository/com/fasterxml/classmate/1.7.0/classmate-1.7.0.jar:/home/harshvardhan/.m2/repository/org/springframework/boot/spring-boot-starter-web/3.3.5/spring-boot-starter-web-3.3.5.jar:/home/harshvardhan/.m2/repository/org/springframework/boot/spring-boot-starter-json/3.3.5/spring-boot-starter-json-3.3.5.jar:/home/harshvardhan/.m2/repository/com/fasterxml/jackson/datatype/jackson-datatype-jdk8/2.17.2/jackson-datatype-jdk8-2.17.2.jar:/home/harshvardhan/.m2/repository/com/fasterxml/jackson/datatype/jackson-datatype-jsr310/2.17.2/jackson-datatype-jsr310-2.17.2.jar:/home/harshvardhan/.m2/repository/com/fasterxml/jackson/module/jackson-module-parameter-names/2.17.2/jackson-module-parameter-names-2.17.2.jar:/home/harshvardhan/.m2/repository/org/springframework/boot/spring-boot-starter-tomcat/3.3.5/spring-boot-starter-tomcat-3.3.5.jar:/home/harshvardhan/.m2/repository/org/apache/tomcat/embed/tomcat-embed-core/10.1.31/tomcat-embed-core-10.1.31.jar:/home/harshvardhan/.m2/repository/org/apache/tomcat/embed/tomcat-embed-websocket/10.1.31/tomcat-embed-websocket-10.1.31.jar:/home/harshvardhan/.m2/repository/org/springframework/spring-web/6.1.14/spring-web-6.1.14.jar:/home/harshvardhan/.m2/repository/org/springframework/spring-webmvc/6.1.14/spring-webmvc-6.1.14.jar:/home/harshvardhan/.m2/repository/org/springframework/boot/spring-boot-devtools/3.3.5/spring-boot-devtools-3.3.5.jar:/home/harshvardhan/.m2/repository/org/springframework/boot/spring-boot/3.3.5/spring-boot-3.3.5.jar:/home/harshvardhan/.m2/repository/org/springframework/boot/spring-boot-autoconfigure/3.3.5/spring-boot-autoconfigure-3.3.5.jar:/home/harshvardhan/.m2/repository/org/projectlombok/lombok/1.18.34/lombok-1.18.34.jar:/home/harshvardhan/.m2/repository/org/springframework/boot/spring-boot-starter-test/3.3.5/spring-boot-starter-test-3.3.5.jar:/home/harshvardhan/.m2/repository/org/springframework/boot/spring-boot-test/3.3.5/spring-boot-test-3.3.5.jar:/home/harshvardhan/.m2/repository/org/springframework/boot/spring-boot-test-autoconfigure/3.3.5/spring-boot-test-autoconfigure-3.3.5.jar:/home/harshvardhan/.m2/repository/com/jayway/jsonpath/json-path/2.9.0/json-path-2.9.0.jar:/home/harshvardhan/.m2/repository/jakarta/xml/bind/jakarta.xml.bind-api/4.0.2/jakarta.xml.bind-api-4.0.2.jar:/home/harshvardhan/.m2/repository/net/minidev/json-smart/2.5.1/json-smart-2.5.1.jar:/home/harshvardhan/.m2/repository/net/minidev/accessors-smart/2.5.1/accessors-smart-2.5.1.jar:/home/harshvardhan/.m2/repository/org/ow2/asm/asm/9.6/asm-9.6.jar:/home/harshvardhan/.m2/repository/org/assertj/assertj-core/3.25.3/assertj-core-3.25.3.jar:/home/harshvardhan/.m2/repository/net/bytebuddy/byte-buddy/1.14.19/byte-buddy-1.14.19.jar:/home/harshvardhan/.m2/repository/org/awaitility/awaitility/4.2.2/awaitility-4.2.2.jar:/home/harshvardhan/.m2/repository/org/hamcrest/hamcrest/2.2/hamcrest-2.2.jar:/home/harshvardhan/.m2/repository/org/mockito/mockito-core/5.11.0/mockito-core-5.11.0.jar:/home/harshvardhan/.m2/repository/net/bytebuddy/byte-buddy-agent/1.14.19/byte-buddy-agent-1.14.19.jar:/home/harshvardhan/.m2/repository/org/objenesis/objenesis/3.3/objenesis-3.3.jar:/home/harshvardhan/.m2/repository/org/mockito/mockito-junit-jupiter/5.11.0/mockito-junit-jupiter-5.11.0.jar:/home/harshvardhan/.m2/repository/org/skyscreamer/jsonassert/1.5.3/jsonassert-1.5.3.jar:/home/harshvardhan/.m2/repository/com/vaadin/external/google/android-json/0.0.20131108.vaadin1/android-json-0.0.20131108.vaadin1.jar:/home/harshvardhan/.m2/repository/org/springframework/spring-core/6.1.14/spring-core-6.1.14.jar:/home/harshvardhan/.m2/repository/org/springframework/spring-jcl/6.1.14/spring-jcl-6.1.14.jar:/home/harshvardhan/.m2/repository/org/springframework/spring-test/6.1.14/spring-test-6.1.14.jar:/home/harshvardhan/.m2/repository/org/xmlunit/xmlunit-core/2.9.1/xmlunit-core-2.9.1.jar:/home/harshvardhan/.m2/repository/org/springframework/restdocs/spring-restdocs-mockmvc/3.0.0/spring-restdocs-mockmvc-3.0.0.jar:/home/harshvardhan/.m2/repository/org/springframework/restdocs/spring-restdocs-core/3.0.0/spring-restdocs-core-3.0.0.jar:/home/harshvardhan/.m2/repository/jakarta/servlet/jakarta.servlet-api/6.0.0/jakarta.servlet-api-6.0.0.jar:/home/harshvardhan/.m2/repository/org/springframework/security/spring-security-test/6.3.4/spring-security-test-6.3.4.jar:/home/harshvardhan/.m2/repository/org/springframework/security/spring-security-core/6.3.4/spring-security-core-6.3.4.jar:/home/harshvardhan/.m2/repository/org/springframework/security/spring-security-crypto/6.3.4/spring-security-crypto-6.3.4.jar:"/>
    <property name="sun.cpu.endian" value="little"/>
    <property name="user.home" value="/home/harshvardhan"/>
    <property name="user.language" value="en"/>
    <property name="java.specification.vendor" value="Oracle Corporation"/>
    <property name="java.version.date" value="2025-04-15"/>
    <property name="java.home" value="/usr/lib/jvm/java-21-openjdk-amd64"/>
    <property name="file.separator" value="/"/>
    <property name="basedir" value="/home/harshvardhan/Downloads/tuple_Paisa/TuplePaisa-main"/>
    <property name="java.vm.compressedOopsMode" value="Zero based"/>
    <property name="line.separator" value="&#10;"/>
    <property name="java.vm.specification.vendor" value="Oracle Corporation"/>
    <property name="java.specification.name" value="Java Platform API Specification"/>
    <property name="FILE_LOG_CHARSET" value="UTF-8"/>
    <property name="java.awt.headless" value="true"/>
    <property name="surefire.real.class.path" value="/home/harshvardhan/Downloads/tuple_Paisa/TuplePaisa-main/target/surefire/surefirebooter-20250628201836034_3.jar"/>
    <property name="sun.management.compiler" value="HotSpot 64-Bit Tiered Compilers"/>
    <property name="java.runtime.version" value="21.0.7+6-Ubuntu-0ubuntu124.04"/>
    <property name="user.name" value="harshvardhan"/>
    <property name="stdout.encoding" value="UTF-8"/>
    <property name="path.separator" value=":"/>
    <property name="os.version" value="6.11.0-26-generic"/>
    <property name="java.runtime.name" value="OpenJDK Runtime Environment"/>
    <property name="file.encoding" value="UTF-8"/>
    <property name="java.vm.name" value="OpenJDK 64-Bit Server VM"/>
    <property name="localRepository" value="/home/harshvardhan/.m2/repository"/>
    <property name="java.vendor.url.bug" value="https://bugs.launchpad.net/ubuntu/+source/openjdk-21"/>
    <property name="java.io.tmpdir" value="/tmp"/>
    <property name="java.version" value="21.0.7"/>
    <property name="user.dir" value="/home/harshvardhan/Downloads/tuple_Paisa/TuplePaisa-main"/>
    <property name="os.arch" value="amd64"/>
    <property name="java.vm.specification.name" value="Java Virtual Machine Specification"/>
    <property name="PID" value="249357"/>
    <property name="CONSOLE_LOG_CHARSET" value="UTF-8"/>
    <property name="native.encoding" value="UTF-8"/>
    <property name="java.library.path" value="/usr/java/packages/lib:/usr/lib/x86_64-linux-gnu/jni:/lib/x86_64-linux-gnu:/usr/lib/x86_64-linux-gnu:/usr/lib/jni:/lib:/usr/lib"/>
    <property name="java.vm.info" value="mixed mode, sharing"/>
    <property name="stderr.encoding" value="UTF-8"/>
    <property name="java.vendor" value="Ubuntu"/>
    <property name="java.vm.version" value="21.0.7+6-Ubuntu-0ubuntu124.04"/>
    <property name="sun.io.unicode.encoding" value="UnicodeLittle"/>
    <property name="java.class.version" value="65.0"/>
    <property name="LOGGED_APPLICATION_NAME" value="[tuplePaisa] "/>
  </properties>
  <testcase name="getCombinedHistory_MixedResultsSorting" classname="org.harsh.tuple.paisa.service.WalletServiceTest" time="0.352"/>
  <testcase name="getCombinedHistory_OnlyCashbacks" classname="org.harsh.tuple.paisa.service.WalletServiceTest" time="0.012"/>
  <testcase name="addHistory_Success" classname="org.harsh.tuple.paisa.service.WalletServiceTest" time="0.01">
    <system-out><![CDATA[2025-06-28T20:18:53.545+05:30  INFO 249357 --- [tuplePaisa] [           main] o.h.tuple.paisa.service.WalletService    : adding history
2025-06-28T20:18:53.546+05:30  INFO 249357 --- [tuplePaisa] [           main] o.h.tuple.paisa.service.WalletService    : history added calling get history
2025-06-28T20:18:53.546+05:30  INFO 249357 --- [tuplePaisa] [           main] o.h.tuple.paisa.service.WalletService    : getting history and returning list
2025-06-28T20:18:53.546+05:30  INFO 249357 --- [tuplePaisa] [           main] o.h.tuple.paisa.service.WalletService    : getting history and returning list
]]></system-out>
  </testcase>
  <testcase name="transferWallet_ZeroAmount" classname="org.harsh.tuple.paisa.service.WalletServiceTest" time="0.008"/>
  <testcase name="getCombinedHistory_EmptyResults" classname="org.harsh.tuple.paisa.service.WalletServiceTest" time="0.01"/>
  <testcase name="transferWallet_NegativeAmount" classname="org.harsh.tuple.paisa.service.WalletServiceTest" time="0.008"/>
  <testcase name="transferWallet_VerifyEmailContent" classname="org.harsh.tuple.paisa.service.WalletServiceTest" time="0.039">
    <error message="&#10;Strict stubbing argument mismatch. Please check:&#10; - this invocation of &apos;findById&apos; method:&#10;    userRepository.findById(&quot;user1&quot;);&#10;    -&gt; at org.harsh.tuple.paisa.service.WalletService.transferWallet(WalletService.java:89)&#10; - has following stubbing(s) with different arguments:&#10;    1. userRepository.findById(&quot;user2&quot;);&#10;      -&gt; at org.harsh.tuple.paisa.service.WalletServiceTest.transferWallet_VerifyEmailContent(WalletServiceTest.java:645)&#10;Typically, stubbing argument mismatch indicates user mistake when writing tests.&#10;Mockito fails early so that you can debug potential problem easily.&#10;However, there are legit scenarios when this exception generates false negative signal:&#10;  - stubbing the same method multiple times using &apos;given().will()&apos; or &apos;when().then()&apos; API&#10;    Please use &apos;will().given()&apos; or &apos;doReturn().when()&apos; API for stubbing.&#10;  - stubbed method is intentionally invoked with different arguments by code under test&#10;    Please use default or &apos;silent&apos; JUnit Rule (equivalent of Strictness.LENIENT).&#10;For more information see javadoc for PotentialStubbingProblem class." type="org.mockito.exceptions.misusing.PotentialStubbingProblem"><![CDATA[org.mockito.exceptions.misusing.PotentialStubbingProblem: 

Strict stubbing argument mismatch. Please check:
 - this invocation of 'findById' method:
    userRepository.findById("user1");
    -> at org.harsh.tuple.paisa.service.WalletService.transferWallet(WalletService.java:89)
 - has following stubbing(s) with different arguments:
    1. userRepository.findById("user2");
      -> at org.harsh.tuple.paisa.service.WalletServiceTest.transferWallet_VerifyEmailContent(WalletServiceTest.java:645)
Typically, stubbing argument mismatch indicates user mistake when writing tests.
Mockito fails early so that you can debug potential problem easily.
However, there are legit scenarios when this exception generates false negative signal:
  - stubbing the same method multiple times using 'given().will()' or 'when().then()' API
    Please use 'will().given()' or 'doReturn().when()' API for stubbing.
  - stubbed method is intentionally invoked with different arguments by code under test
    Please use default or 'silent' JUnit Rule (equivalent of Strictness.LENIENT).
For more information see javadoc for PotentialStubbingProblem class.
	at org.harsh.tuple.paisa.service.WalletService.transferWallet(WalletService.java:89)
	at org.harsh.tuple.paisa.service.WalletServiceTest.transferWallet_VerifyEmailContent(WalletServiceTest.java:648)
	at java.base/java.lang.reflect.Method.invoke(Method.java:580)
	at java.base/java.util.ArrayList.forEach(ArrayList.java:1596)
	at java.base/java.util.ArrayList.forEach(ArrayList.java:1596)
]]></error>
  </testcase>
  <testcase name="getCombinedHistory_MultiplePages" classname="org.harsh.tuple.paisa.service.WalletServiceTest" time="0.012"/>
  <testcase name="rechargeWallet_WithDecimalAmount" classname="org.harsh.tuple.paisa.service.WalletServiceTest" time="0.013"/>
  <testcase name="rechargeWallet_ZeroAmount" classname="org.harsh.tuple.paisa.service.WalletServiceTest" time="0.006"/>
  <testcase name="rechargeWallet_WalletNotFound" classname="org.harsh.tuple.paisa.service.WalletServiceTest" time="0.007"/>
  <testcase name="addHistory_EmptyList" classname="org.harsh.tuple.paisa.service.WalletServiceTest" time="0.004">
    <system-out><![CDATA[2025-06-28T20:18:53.673+05:30  INFO 249357 --- [tuplePaisa] [           main] o.h.tuple.paisa.service.WalletService    : adding history
2025-06-28T20:18:53.673+05:30  INFO 249357 --- [tuplePaisa] [           main] o.h.tuple.paisa.service.WalletService    : history added calling get history
2025-06-28T20:18:53.673+05:30  INFO 249357 --- [tuplePaisa] [           main] o.h.tuple.paisa.service.WalletService    : getting history and returning list
2025-06-28T20:18:53.674+05:30  INFO 249357 --- [tuplePaisa] [           main] o.h.tuple.paisa.service.WalletService    : getting history and returning list
]]></system-out>
  </testcase>
  <testcase name="rechargeWallet_NegativeAmount" classname="org.harsh.tuple.paisa.service.WalletServiceTest" time="0.005"/>
  <testcase name="addHistory_MultipleEntries" classname="org.harsh.tuple.paisa.service.WalletServiceTest" time="0.006">
    <system-out><![CDATA[2025-06-28T20:18:53.685+05:30  INFO 249357 --- [tuplePaisa] [           main] o.h.tuple.paisa.service.WalletService    : adding history
2025-06-28T20:18:53.685+05:30  INFO 249357 --- [tuplePaisa] [           main] o.h.tuple.paisa.service.WalletService    : history added calling get history
2025-06-28T20:18:53.685+05:30  INFO 249357 --- [tuplePaisa] [           main] o.h.tuple.paisa.service.WalletService    : getting history and returning list
2025-06-28T20:18:53.685+05:30  INFO 249357 --- [tuplePaisa] [           main] o.h.tuple.paisa.service.WalletService    : adding history
2025-06-28T20:18:53.685+05:30  INFO 249357 --- [tuplePaisa] [           main] o.h.tuple.paisa.service.WalletService    : history added calling get history
2025-06-28T20:18:53.686+05:30  INFO 249357 --- [tuplePaisa] [           main] o.h.tuple.paisa.service.WalletService    : getting history and returning list
2025-06-28T20:18:53.686+05:30  INFO 249357 --- [tuplePaisa] [           main] o.h.tuple.paisa.service.WalletService    : getting history and returning list
]]></system-out>
  </testcase>
  <testcase name="getBalance_Success" classname="org.harsh.tuple.paisa.service.WalletServiceTest" time="0.005"/>
  <testcase name="rechargeWallet_Success" classname="org.harsh.tuple.paisa.service.WalletServiceTest" time="0.009"/>
  <testcase name="sendEmail_UserNotFound" classname="org.harsh.tuple.paisa.service.WalletServiceTest" time="0.012"/>
  <testcase name="transferWallet_RecipientNotFound" classname="org.harsh.tuple.paisa.service.WalletServiceTest" time="0.009">
    <failure message="Unexpected exception type thrown, expected: &lt;org.harsh.tuple.paisa.exception.WalletNotFoundException&gt; but was: &lt;java.util.NoSuchElementException&gt;" type="org.opentest4j.AssertionFailedError"><![CDATA[org.opentest4j.AssertionFailedError: Unexpected exception type thrown, expected: <org.harsh.tuple.paisa.exception.WalletNotFoundException> but was: <java.util.NoSuchElementException>
	at org.junit.jupiter.api.AssertionFailureBuilder.build(AssertionFailureBuilder.java:151)
	at org.junit.jupiter.api.AssertThrows.assertThrows(AssertThrows.java:67)
	at org.junit.jupiter.api.AssertThrows.assertThrows(AssertThrows.java:35)
	at org.junit.jupiter.api.Assertions.assertThrows(Assertions.java:3115)
	at org.harsh.tuple.paisa.service.WalletServiceTest.transferWallet_RecipientNotFound(WalletServiceTest.java:215)
	at java.base/java.lang.reflect.Method.invoke(Method.java:580)
	at java.base/java.util.ArrayList.forEach(ArrayList.java:1596)
	at java.base/java.util.ArrayList.forEach(ArrayList.java:1596)
Caused by: java.util.NoSuchElementException: No value present
	at java.base/java.util.Optional.get(Optional.java:143)
	at org.harsh.tuple.paisa.service.WalletService.transferWallet(WalletService.java:89)
	at org.harsh.tuple.paisa.service.WalletServiceTest.lambda$transferWallet_RecipientNotFound$5(WalletServiceTest.java:216)
	at org.junit.jupiter.api.AssertThrows.assertThrows(AssertThrows.java:53)
	... 6 more
]]></failure>
  </testcase>
  <testcase name="transferWallet_CompleteFlow" classname="org.harsh.tuple.paisa.service.WalletServiceTest" time="0.008">
    <error message="&#10;Strict stubbing argument mismatch. Please check:&#10; - this invocation of &apos;findById&apos; method:&#10;    userRepository.findById(&quot;user1&quot;);&#10;    -&gt; at org.harsh.tuple.paisa.service.WalletService.transferWallet(WalletService.java:89)&#10; - has following stubbing(s) with different arguments:&#10;    1. userRepository.findById(&quot;user2&quot;);&#10;      -&gt; at org.harsh.tuple.paisa.service.WalletServiceTest.transferWallet_CompleteFlow(WalletServiceTest.java:715)&#10;Typically, stubbing argument mismatch indicates user mistake when writing tests.&#10;Mockito fails early so that you can debug potential problem easily.&#10;However, there are legit scenarios when this exception generates false negative signal:&#10;  - stubbing the same method multiple times using &apos;given().will()&apos; or &apos;when().then()&apos; API&#10;    Please use &apos;will().given()&apos; or &apos;doReturn().when()&apos; API for stubbing.&#10;  - stubbed method is intentionally invoked with different arguments by code under test&#10;    Please use default or &apos;silent&apos; JUnit Rule (equivalent of Strictness.LENIENT).&#10;For more information see javadoc for PotentialStubbingProblem class." type="org.mockito.exceptions.misusing.PotentialStubbingProblem"><![CDATA[org.mockito.exceptions.misusing.PotentialStubbingProblem: 

Strict stubbing argument mismatch. Please check:
 - this invocation of 'findById' method:
    userRepository.findById("user1");
    -> at org.harsh.tuple.paisa.service.WalletService.transferWallet(WalletService.java:89)
 - has following stubbing(s) with different arguments:
    1. userRepository.findById("user2");
      -> at org.harsh.tuple.paisa.service.WalletServiceTest.transferWallet_CompleteFlow(WalletServiceTest.java:715)
Typically, stubbing argument mismatch indicates user mistake when writing tests.
Mockito fails early so that you can debug potential problem easily.
However, there are legit scenarios when this exception generates false negative signal:
  - stubbing the same method multiple times using 'given().will()' or 'when().then()' API
    Please use 'will().given()' or 'doReturn().when()' API for stubbing.
  - stubbed method is intentionally invoked with different arguments by code under test
    Please use default or 'silent' JUnit Rule (equivalent of Strictness.LENIENT).
For more information see javadoc for PotentialStubbingProblem class.
	at org.harsh.tuple.paisa.service.WalletService.transferWallet(WalletService.java:89)
	at org.harsh.tuple.paisa.service.WalletServiceTest.transferWallet_CompleteFlow(WalletServiceTest.java:718)
	at java.base/java.lang.reflect.Method.invoke(Method.java:580)
	at java.base/java.util.ArrayList.forEach(ArrayList.java:1596)
	at java.base/java.util.ArrayList.forEach(ArrayList.java:1596)
]]></error>
  </testcase>
  <testcase name="getCombinedHistory_Success" classname="org.harsh.tuple.paisa.service.WalletServiceTest" time="0.005"/>
  <testcase name="sendEmail_JsonProcessingException" classname="org.harsh.tuple.paisa.service.WalletServiceTest" time="0.008"/>
  <testcase name="getCombinedHistory_InvalidPageNumber" classname="org.harsh.tuple.paisa.service.WalletServiceTest" time="0.004"/>
  <testcase name="transferWallet_SenderNotFound" classname="org.harsh.tuple.paisa.service.WalletServiceTest" time="0.005">
    <failure message="Unexpected exception type thrown, expected: &lt;org.harsh.tuple.paisa.exception.WalletNotFoundException&gt; but was: &lt;java.util.NoSuchElementException&gt;" type="org.opentest4j.AssertionFailedError"><![CDATA[org.opentest4j.AssertionFailedError: Unexpected exception type thrown, expected: <org.harsh.tuple.paisa.exception.WalletNotFoundException> but was: <java.util.NoSuchElementException>
	at org.junit.jupiter.api.AssertionFailureBuilder.build(AssertionFailureBuilder.java:151)
	at org.junit.jupiter.api.AssertThrows.assertThrows(AssertThrows.java:67)
	at org.junit.jupiter.api.AssertThrows.assertThrows(AssertThrows.java:35)
	at org.junit.jupiter.api.Assertions.assertThrows(Assertions.java:3115)
	at org.harsh.tuple.paisa.service.WalletServiceTest.transferWallet_SenderNotFound(WalletServiceTest.java:206)
	at java.base/java.lang.reflect.Method.invoke(Method.java:580)
	at java.base/java.util.ArrayList.forEach(ArrayList.java:1596)
	at java.base/java.util.ArrayList.forEach(ArrayList.java:1596)
Caused by: java.util.NoSuchElementException: No value present
	at java.base/java.util.Optional.get(Optional.java:143)
	at org.harsh.tuple.paisa.service.WalletService.transferWallet(WalletService.java:89)
	at org.harsh.tuple.paisa.service.WalletServiceTest.lambda$transferWallet_SenderNotFound$4(WalletServiceTest.java:207)
	at org.junit.jupiter.api.AssertThrows.assertThrows(AssertThrows.java:53)
	... 6 more
]]></failure>
  </testcase>
  <testcase name="getCombinedHistory_OnlyTransactions" classname="org.harsh.tuple.paisa.service.WalletServiceTest" time="0.005"/>
  <testcase name="rechargeWallet_TransactionDetails" classname="org.harsh.tuple.paisa.service.WalletServiceTest" time="0.005"/>
  <testcase name="transferWallet_TransactionDetails" classname="org.harsh.tuple.paisa.service.WalletServiceTest" time="0.005">
    <error message="No value present" type="java.util.NoSuchElementException"><![CDATA[java.util.NoSuchElementException: No value present
	at java.base/java.util.Optional.get(Optional.java:143)
	at org.harsh.tuple.paisa.service.WalletService.transferWallet(WalletService.java:89)
	at org.harsh.tuple.paisa.service.WalletServiceTest.transferWallet_TransactionDetails(WalletServiceTest.java:509)
	at java.base/java.lang.reflect.Method.invoke(Method.java:580)
	at java.base/java.util.ArrayList.forEach(ArrayList.java:1596)
	at java.base/java.util.ArrayList.forEach(ArrayList.java:1596)
]]></error>
  </testcase>
  <testcase name="transferWallet_ExactBalance" classname="org.harsh.tuple.paisa.service.WalletServiceTest" time="0.004">
    <error message="No value present" type="java.util.NoSuchElementException"><![CDATA[java.util.NoSuchElementException: No value present
	at java.base/java.util.Optional.get(Optional.java:143)
	at org.harsh.tuple.paisa.service.WalletService.transferWallet(WalletService.java:89)
	at org.harsh.tuple.paisa.service.WalletServiceTest.transferWallet_ExactBalance(WalletServiceTest.java:180)
	at java.base/java.lang.reflect.Method.invoke(Method.java:580)
	at java.base/java.util.ArrayList.forEach(ArrayList.java:1596)
	at java.base/java.util.ArrayList.forEach(ArrayList.java:1596)
]]></error>
  </testcase>
  <testcase name="rechargeWallet_MaximumAmount" classname="org.harsh.tuple.paisa.service.WalletServiceTest" time="0.005"/>
  <testcase name="transferWallet_InsufficientBalance" classname="org.harsh.tuple.paisa.service.WalletServiceTest" time="0.005">
    <failure message="Unexpected exception type thrown, expected: &lt;org.harsh.tuple.paisa.exception.InsufficientBalanceException&gt; but was: &lt;java.util.NoSuchElementException&gt;" type="org.opentest4j.AssertionFailedError"><![CDATA[org.opentest4j.AssertionFailedError: Unexpected exception type thrown, expected: <org.harsh.tuple.paisa.exception.InsufficientBalanceException> but was: <java.util.NoSuchElementException>
	at org.junit.jupiter.api.AssertionFailureBuilder.build(AssertionFailureBuilder.java:151)
	at org.junit.jupiter.api.AssertThrows.assertThrows(AssertThrows.java:67)
	at org.junit.jupiter.api.AssertThrows.assertThrows(AssertThrows.java:35)
	at org.junit.jupiter.api.Assertions.assertThrows(Assertions.java:3115)
	at org.harsh.tuple.paisa.service.WalletServiceTest.transferWallet_InsufficientBalance(WalletServiceTest.java:198)
	at java.base/java.lang.reflect.Method.invoke(Method.java:580)
	at java.base/java.util.ArrayList.forEach(ArrayList.java:1596)
	at java.base/java.util.ArrayList.forEach(ArrayList.java:1596)
Caused by: java.util.NoSuchElementException: No value present
	at java.base/java.util.Optional.get(Optional.java:143)
	at org.harsh.tuple.paisa.service.WalletService.transferWallet(WalletService.java:89)
	at org.harsh.tuple.paisa.service.WalletServiceTest.lambda$transferWallet_InsufficientBalance$3(WalletServiceTest.java:199)
	at org.junit.jupiter.api.AssertThrows.assertThrows(AssertThrows.java:53)
	... 6 more
]]></failure>
  </testcase>
  <testcase name="getCombinedHistory_InvalidPageSize" classname="org.harsh.tuple.paisa.service.WalletServiceTest" time="0.003"/>
  <testcase name="sendEmail_Success" classname="org.harsh.tuple.paisa.service.WalletServiceTest" time="0.006"/>
  <testcase name="getHistory_EmptyHistory" classname="org.harsh.tuple.paisa.service.WalletServiceTest" time="0.003">
    <system-out><![CDATA[2025-06-28T20:18:53.839+05:30  INFO 249357 --- [tuplePaisa] [           main] o.h.tuple.paisa.service.WalletService    : getting history and returning list
]]></system-out>
  </testcase>
  <testcase name="getCombinedHistory_SortingWithEqualTimestamps" classname="org.harsh.tuple.paisa.service.WalletServiceTest" time="0.004"/>
  <testcase name="getHistory_MultipleUsers" classname="org.harsh.tuple.paisa.service.WalletServiceTest" time="0.004">
    <system-out><![CDATA[2025-06-28T20:18:53.849+05:30  INFO 249357 --- [tuplePaisa] [           main] o.h.tuple.paisa.service.WalletService    : adding history
2025-06-28T20:18:53.849+05:30  INFO 249357 --- [tuplePaisa] [           main] o.h.tuple.paisa.service.WalletService    : history added calling get history
2025-06-28T20:18:53.849+05:30  INFO 249357 --- [tuplePaisa] [           main] o.h.tuple.paisa.service.WalletService    : getting history and returning list
2025-06-28T20:18:53.849+05:30  INFO 249357 --- [tuplePaisa] [           main] o.h.tuple.paisa.service.WalletService    : adding history
2025-06-28T20:18:53.849+05:30  INFO 249357 --- [tuplePaisa] [           main] o.h.tuple.paisa.service.WalletService    : history added calling get history
2025-06-28T20:18:53.849+05:30  INFO 249357 --- [tuplePaisa] [           main] o.h.tuple.paisa.service.WalletService    : getting history and returning list
2025-06-28T20:18:53.849+05:30  INFO 249357 --- [tuplePaisa] [           main] o.h.tuple.paisa.service.WalletService    : getting history and returning list
2025-06-28T20:18:53.849+05:30  INFO 249357 --- [tuplePaisa] [           main] o.h.tuple.paisa.service.WalletService    : getting history and returning list
]]></system-out>
  </testcase>
  <testcase name="addHistory_NullHistory" classname="org.harsh.tuple.paisa.service.WalletServiceTest" time="0.005">
    <system-out><![CDATA[2025-06-28T20:18:53.855+05:30  INFO 249357 --- [tuplePaisa] [           main] o.h.tuple.paisa.service.WalletService    : adding history
]]></system-out>
  </testcase>
  <testcase name="transferWallet_Success" classname="org.harsh.tuple.paisa.service.WalletServiceTest" time="0.008">
    <error message="No value present" type="java.util.NoSuchElementException"><![CDATA[java.util.NoSuchElementException: No value present
	at java.base/java.util.Optional.get(Optional.java:143)
	at org.harsh.tuple.paisa.service.WalletService.transferWallet(WalletService.java:89)
	at org.harsh.tuple.paisa.service.WalletServiceTest.transferWallet_Success(WalletServiceTest.java:159)
	at java.base/java.lang.reflect.Method.invoke(Method.java:580)
	at java.base/java.util.ArrayList.forEach(ArrayList.java:1596)
	at java.base/java.util.ArrayList.forEach(ArrayList.java:1596)
]]></error>
  </testcase>
  <testcase name="rechargeWallet_VerifyEmailSent" classname="org.harsh.tuple.paisa.service.WalletServiceTest" time="0.007"/>
  <testcase name="transferWallet_SameSenderAndRecipient" classname="org.harsh.tuple.paisa.service.WalletServiceTest" time="0.005">
    <failure message="Unexpected exception type thrown, expected: &lt;org.harsh.tuple.paisa.exception.WalletNotFoundException&gt; but was: &lt;java.util.NoSuchElementException&gt;" type="org.opentest4j.AssertionFailedError"><![CDATA[org.opentest4j.AssertionFailedError: Unexpected exception type thrown, expected: <org.harsh.tuple.paisa.exception.WalletNotFoundException> but was: <java.util.NoSuchElementException>
	at org.junit.jupiter.api.AssertionFailureBuilder.build(AssertionFailureBuilder.java:151)
	at org.junit.jupiter.api.AssertThrows.assertThrows(AssertThrows.java:67)
	at org.junit.jupiter.api.AssertThrows.assertThrows(AssertThrows.java:35)
	at org.junit.jupiter.api.Assertions.assertThrows(Assertions.java:3115)
	at org.harsh.tuple.paisa.service.WalletServiceTest.transferWallet_SameSenderAndRecipient(WalletServiceTest.java:429)
	at java.base/java.lang.reflect.Method.invoke(Method.java:580)
	at java.base/java.util.ArrayList.forEach(ArrayList.java:1596)
	at java.base/java.util.ArrayList.forEach(ArrayList.java:1596)
Caused by: java.util.NoSuchElementException: No value present
	at java.base/java.util.Optional.get(Optional.java:143)
	at org.harsh.tuple.paisa.service.WalletService.transferWallet(WalletService.java:89)
	at org.harsh.tuple.paisa.service.WalletServiceTest.lambda$transferWallet_SameSenderAndRecipient$12(WalletServiceTest.java:430)
	at org.junit.jupiter.api.AssertThrows.assertThrows(AssertThrows.java:53)
	... 6 more
]]></failure>
  </testcase>
  <testcase name="getBalance_WalletNotFound" classname="org.harsh.tuple.paisa.service.WalletServiceTest" time="0.006"/>
</testsuite>