<?xml version="1.0" encoding="UTF-8"?>
<testsuite xmlns:xsi="http://www.w3.org/2001/XMLSchema-instance" xsi:noNamespaceSchemaLocation="https://maven.apache.org/surefire/maven-surefire-plugin/xsd/surefire-test-report-3.0.xsd" version="3.0" name="org.harsh.tuple.paisa.service.WalletServiceTest" time="0.722" tests="39" errors="5" skipped="0" failures="4">
  <properties>
[...]
</properties>
  <testcase name="getCombinedHistory_MixedResultsSorting" classname="org.harsh.tuple.paisa.service.WalletServiceTest" time="0.352"/>
  <testcase name="getCombinedHistory_OnlyCashbacks" classname="org.harsh.tuple.paisa.service.WalletServiceTest" time="0.012"/>
  <testcase name="addHistory_Success" classname="org.harsh.tuple.paisa.service.WalletServiceTest" time="0.01">
    <system-out><![CDATA[2025-06-28T20:18:53.545+05:30  INFO 249357 --- [tuplePaisa] [           main] o.h.tuple.paisa.service.WalletService    : adding history
2025-06-28T20:18:53.546+05:30  INFO 249357 --- [tuplePaisa] [           main] o.h.tuple.paisa.service.WalletService    : history added calling get history
2025-06-28T20:18:53.546+05:30  INFO 249357 --- [tuplePaisa] [           main] o.h.tuple.paisa.service.WalletService    : getting history and returning list
2025-06-28T20:18:53.546+05:30  INFO 249357 --- [tuplePaisa] [           main] o.h.tuple.paisa.service.WalletService    : getting history and returning list
]]></system-out>
  </testcase>
  <testcase name="transferWallet_ZeroAmount" classname="org.harsh.tuple.paisa.service.WalletServiceTest" time="0.008"/>
  <testcase name="getCombinedHistory_EmptyResults" classname="org.harsh.tuple.paisa.service.WalletServiceTest" time="0.01"/>
  <testcase name="transferWallet_NegativeAmount" classname="org.harsh.tuple.paisa.service.WalletServiceTest" time="0.008"/>
  <testcase name="transferWallet_VerifyEmailContent" classname="org.harsh.tuple.paisa.service.WalletServiceTest" time="0.039">
    <error message="&#10;Strict stubbing argument mismatch. Please check:&#10; - this invocation of &apos;findById&apos; method:&#10;    userRepository.findById(&quot;user1&quot;);&#10;    -&gt; at org.harsh.tuple.paisa.service.WalletService.transferWallet(WalletService.java:89)&#10; - has following stubbing(s) with different arguments:&#10;    1. userRepository.findById(&quot;user2&quot;);&#10;      -&gt; at org.harsh.tuple.paisa.service.WalletServiceTest.transferWallet_VerifyEmailContent(WalletServiceTest.java:645)&#10;Typically, stubbing argument mismatch indicates user mistake when writing tests.&#10;Mockito fails early so that you can debug potential problem easily.&#10;However, there are legit scenarios when this exception generates false negative signal:&#10;  - stubbing the same method multiple times using &apos;given().will()&apos; or &apos;when().then()&apos; API&#10;    Please use &apos;will().given()&apos; or &apos;doReturn().when()&apos; API for stubbing.&#10;  - stubbed method is intentionally invoked with different arguments by code under test&#10;    Please use default or &apos;silent&apos; JUnit Rule (equivalent of Strictness.LENIENT).&#10;For more information see javadoc for PotentialStubbingProblem class." type="org.mockito.exceptions.misusing.PotentialStubbingProblem"><![CDATA[org.mockito.exceptions.misusing.PotentialStubbingProblem: 

Strict stubbing argument mismatch. Please check:
 - this invocation of 'findById' method:
    userRepository.findById("user1");
    -> at org.harsh.tuple.paisa.service.WalletService.transferWallet(WalletService.java:89)
 - has following stubbing(s) with different arguments:
    1. userRepository.findById("user2");
      -> at org.harsh.tuple.paisa.service.WalletServiceTest.transferWallet_VerifyEmailContent(WalletServiceTest.java:645)
Typically, stubbing argument mismatch indicates user mistake when writing tests.
Mockito fails early so that you can debug potential problem easily.
However, there are legit scenarios when this exception generates false negative signal:
  - stubbing the same method multiple times using 'given().will()' or 'when().then()' API
    Please use 'will().given()' or 'doReturn().when()' API for stubbing.
  - stubbed method is intentionally invoked with different arguments by code under test
    Please use default or 'silent' JUnit Rule (equivalent of Strictness.LENIENT).
For more information see javadoc for PotentialStubbingProblem class.
	at org.harsh.tuple.paisa.service.WalletService.transferWallet(WalletService.java:89)
	at org.harsh.tuple.paisa.service.WalletServiceTest.transferWallet_VerifyEmailContent(WalletServiceTest.java:648)
	at java.base/java.lang.reflect.Method.invoke(Method.java:580)
	at java.base/java.util.ArrayList.forEach(ArrayList.java:1596)
	at java.base/java.util.ArrayList.forEach(ArrayList.java:1596)
]]></error>
  </testcase>
  <testcase name="getCombinedHistory_MultiplePages" classname="org.harsh.tuple.paisa.service.WalletServiceTest" time="0.012"/>
  <testcase name="rechargeWallet_WithDecimalAmount" classname="org.harsh.tuple.paisa.service.WalletServiceTest" time="0.013"/>
  <testcase name="rechargeWallet_ZeroAmount" classname="org.harsh.tuple.paisa.service.WalletServiceTest" time="0.006"/>
  <testcase name="rechargeWallet_WalletNotFound" classname="org.harsh.tuple.paisa.service.WalletServiceTest" time="0.007"/>
  <testcase name="addHistory_EmptyList" classname="org.harsh.tuple.paisa.service.WalletServiceTest" time="0.004">
    <system-out><![CDATA[2025-06-28T20:18:53.673+05:30  INFO 249357 --- [tuplePaisa] [           main] o.h.tuple.paisa.service.WalletService    : adding history
2025-06-28T20:18:53.673+05:30  INFO 249357 --- [tuplePaisa] [           main] o.h.tuple.paisa.service.WalletService    : history added calling get history
2025-06-28T20:18:53.673+05:30  INFO 249357 --- [tuplePaisa] [           main] o.h.tuple.paisa.service.WalletService    : getting history and returning list
2025-06-28T20:18:53.674+05:30  INFO 249357 --- [tuplePaisa] [           main] o.h.tuple.paisa.service.WalletService    : getting history and returning list
]]></system-out>
  </testcase>
  <testcase name="rechargeWallet_NegativeAmount" classname="org.harsh.tuple.paisa.service.WalletServiceTest" time="0.005"/>
  <testcase name="addHistory_MultipleEntries" classname="org.harsh.tuple.paisa.service.WalletServiceTest" time="0.006">
    <system-out><![CDATA[2025-06-28T20:18:53.685+05:30  INFO 249357 --- [tuplePaisa] [           main] o.h.tuple.paisa.service.WalletService    : adding history
2025-06-28T20:18:53.685+05:30  INFO 249357 --- [tuplePaisa] [           main] o.h.tuple.paisa.service.WalletService    : history added calling get history
2025-06-28T20:18:53.685+05:30  INFO 249357 --- [tuplePaisa] [           main] o.h.tuple.paisa.service.WalletService    : getting history and returning list
2025-06-28T20:18:53.685+05:30  INFO 249357 --- [tuplePaisa] [           main] o.h.tuple.paisa.service.WalletService    : adding history
2025-06-28T20:18:53.685+05:30  INFO 249357 --- [tuplePaisa] [           main] o.h.tuple.paisa.service.WalletService    : history added calling get history
2025-06-28T20:18:53.686+05:30  INFO 249357 --- [tuplePaisa] [           main] o.h.tuple.paisa.service.WalletService    : getting history and returning list
2025-06-28T20:18:53.686+05:30  INFO 249357 --- [tuplePaisa] [           main] o.h.tuple.paisa.service.WalletService    : getting history and returning list
]]></system-out>
  </testcase>
  <testcase name="getBalance_Success" classname="org.harsh.tuple.paisa.service.WalletServiceTest" time="0.005"/>
  <testcase name="rechargeWallet_Success" classname="org.harsh.tuple.paisa.service.WalletServiceTest" time="0.009"/>
  <testcase name="sendEmail_UserNotFound" classname="org.harsh.tuple.paisa.service.WalletServiceTest" time="0.012"/>
  <testcase name="transferWallet_RecipientNotFound" classname="org.harsh.tuple.paisa.service.WalletServiceTest" time="0.009">
    <failure message="Unexpected exception type thrown, expected: &lt;org.harsh.tuple.paisa.exception.WalletNotFoundException&gt; but was: &lt;java.util.NoSuchElementException&gt;" type="org.opentest4j.AssertionFailedError"><![CDATA[org.opentest4j.AssertionFailedError: Unexpected exception type thrown, expected: <org.harsh.tuple.paisa.exception.WalletNotFoundException> but was: <java.util.NoSuchElementException>
	at org.junit.jupiter.api.AssertionFailureBuilder.build(AssertionFailureBuilder.java:151)
	at org.junit.jupiter.api.AssertThrows.assertThrows(AssertThrows.java:67)
	at org.junit.jupiter.api.AssertThrows.assertThrows(AssertThrows.java:35)
	at org.junit.jupiter.api.Assertions.assertThrows(Assertions.java:3115)
	at org.harsh.tuple.paisa.service.WalletServiceTest.transferWallet_RecipientNotFound(WalletServiceTest.java:215)
	at java.base/java.lang.reflect.Method.invoke(Method.java:580)
	at java.base/java.util.ArrayList.forEach(ArrayList.java:1596)
	at java.base/java.util.ArrayList.forEach(ArrayList.java:1596)
Caused by: java.util.NoSuchElementException: No value present
	at java.base/java.util.Optional.get(Optional.java:143)
	at org.harsh.tuple.paisa.service.WalletService.transferWallet(WalletService.java:89)
	at org.harsh.tuple.paisa.service.WalletServiceTest.lambda$transferWallet_RecipientNotFound$5(WalletServiceTest.java:216)
	at org.junit.jupiter.api.AssertThrows.assertThrows(AssertThrows.java:53)
	... 6 more
]]></failure>
  </testcase>
  <testcase name="transferWallet_CompleteFlow" classname="org.harsh.tuple.paisa.service.WalletServiceTest" time="0.008">
    <error message="&#10;Strict stubbing argument mismatch. Please check:&#10; - this invocation of &apos;findById&apos; method:&#10;    userRepository.findById(&quot;user1&quot;);&#10;    -&gt; at org.harsh.tuple.paisa.service.WalletService.transferWallet(WalletService.java:89)&#10; - has following stubbing(s) with different arguments:&#10;    1. userRepository.findById(&quot;user2&quot;);&#10;      -&gt; at org.harsh.tuple.paisa.service.WalletServiceTest.transferWallet_CompleteFlow(WalletServiceTest.java:715)&#10;Typically, stubbing argument mismatch indicates user mistake when writing tests.&#10;Mockito fails early so that you can debug potential problem easily.&#10;However, there are legit scenarios when this exception generates false negative signal:&#10;  - stubbing the same method multiple times using &apos;given().will()&apos; or &apos;when().then()&apos; API&#10;    Please use &apos;will().given()&apos; or &apos;doReturn().when()&apos; API for stubbing.&#10;  - stubbed method is intentionally invoked with different arguments by code under test&#10;    Please use default or &apos;silent&apos; JUnit Rule (equivalent of Strictness.LENIENT).&#10;For more information see javadoc for PotentialStubbingProblem class." type="org.mockito.exceptions.misusing.PotentialStubbingProblem"><![CDATA[org.mockito.exceptions.misusing.PotentialStubbingProblem: 

Strict stubbing argument mismatch. Please check:
 - this invocation of 'findById' method:
    userRepository.findById("user1");
    -> at org.harsh.tuple.paisa.service.WalletService.transferWallet(WalletService.java:89)
 - has following stubbing(s) with different arguments:
    1. userRepository.findById("user2");
      -> at org.harsh.tuple.paisa.service.WalletServiceTest.transferWallet_CompleteFlow(WalletServiceTest.java:715)
Typically, stubbing argument mismatch indicates user mistake when writing tests.
Mockito fails early so that you can debug potential problem easily.
However, there are legit scenarios when this exception generates false negative signal:
  - stubbing the same method multiple times using 'given().will()' or 'when().then()' API
    Please use 'will().given()' or 'doReturn().when()' API for stubbing.
  - stubbed method is intentionally invoked with different arguments by code under test
    Please use default or 'silent' JUnit Rule (equivalent of Strictness.LENIENT).
For more information see javadoc for PotentialStubbingProblem class.
	at org.harsh.tuple.paisa.service.WalletService.transferWallet(WalletService.java:89)
	at org.harsh.tuple.paisa.service.WalletServiceTest.transferWallet_CompleteFlow(WalletServiceTest.java:718)
	at java.base/java.lang.reflect.Method.invoke(Method.java:580)
	at java.base/java.util.ArrayList.forEach(ArrayList.java:1596)
	at java.base/java.util.ArrayList.forEach(ArrayList.java:1596)
]]></error>
  </testcase>
  <testcase name="getCombinedHistory_Success" classname="org.harsh.tuple.paisa.service.WalletServiceTest" time="0.005"/>
  <testcase name="sendEmail_JsonProcessingException" classname="org.harsh.tuple.paisa.service.WalletServiceTest" time="0.008"/>
  <testcase name="getCombinedHistory_InvalidPageNumber" classname="org.harsh.tuple.paisa.service.WalletServiceTest" time="0.004"/>
  <testcase name="transferWallet_SenderNotFound" classname="org.harsh.tuple.paisa.service.WalletServiceTest" time="0.005">
    <failure message="Unexpected exception type thrown, expected: &lt;org.harsh.tuple.paisa.exception.WalletNotFoundException&gt; but was: &lt;java.util.NoSuchElementException&gt;" type="org.opentest4j.AssertionFailedError"><![CDATA[org.opentest4j.AssertionFailedError: Unexpected exception type thrown, expected: <org.harsh.tuple.paisa.exception.WalletNotFoundException> but was: <java.util.NoSuchElementException>
	at org.junit.jupiter.api.AssertionFailureBuilder.build(AssertionFailureBuilder.java:151)
	at org.junit.jupiter.api.AssertThrows.assertThrows(AssertThrows.java:67)
	at org.junit.jupiter.api.AssertThrows.assertThrows(AssertThrows.java:35)
	at org.junit.jupiter.api.Assertions.assertThrows(Assertions.java:3115)
	at org.harsh.tuple.paisa.service.WalletServiceTest.transferWallet_SenderNotFound(WalletServiceTest.java:206)
	at java.base/java.lang.reflect.Method.invoke(Method.java:580)
	at java.base/java.util.ArrayList.forEach(ArrayList.java:1596)
	at java.base/java.util.ArrayList.forEach(ArrayList.java:1596)
Caused by: java.util.NoSuchElementException: No value present
	at java.base/java.util.Optional.get(Optional.java:143)
	at org.harsh.tuple.paisa.service.WalletService.transferWallet(WalletService.java:89)
	at org.harsh.tuple.paisa.service.WalletServiceTest.lambda$transferWallet_SenderNotFound$4(WalletServiceTest.java:207)
	at org.junit.jupiter.api.AssertThrows.assertThrows(AssertThrows.java:53)
	... 6 more
]]></failure>
  </testcase>
  <testcase name="getCombinedHistory_OnlyTransactions" classname="org.harsh.tuple.paisa.service.WalletServiceTest" time="0.005"/>
  <testcase name="rechargeWallet_TransactionDetails" classname="org.harsh.tuple.paisa.service.WalletServiceTest" time="0.005"/>
  <testcase name="transferWallet_TransactionDetails" classname="org.harsh.tuple.paisa.service.WalletServiceTest" time="0.005">
    <error message="No value present" type="java.util.NoSuchElementException"><![CDATA[java.util.NoSuchElementException: No value present
	at java.base/java.util.Optional.get(Optional.java:143)
	at org.harsh.tuple.paisa.service.WalletService.transferWallet(WalletService.java:89)
	at org.harsh.tuple.paisa.service.WalletServiceTest.transferWallet_TransactionDetails(WalletServiceTest.java:509)
	at java.base/java.lang.reflect.Method.invoke(Method.java:580)
	at java.base/java.util.ArrayList.forEach(ArrayList.java:1596)
	at java.base/java.util.ArrayList.forEach(ArrayList.java:1596)
]]></error>
  </testcase>
  <testcase name="transferWallet_ExactBalance" classname="org.harsh.tuple.paisa.service.WalletServiceTest" time="0.004">
    <error message="No value present" type="java.util.NoSuchElementException"><![CDATA[java.util.NoSuchElementException: No value present
	at java.base/java.util.Optional.get(Optional.java:143)
	at org.harsh.tuple.paisa.service.WalletService.transferWallet(WalletService.java:89)
	at org.harsh.tuple.paisa.service.WalletServiceTest.transferWallet_ExactBalance(WalletServiceTest.java:180)
	at java.base/java.lang.reflect.Method.invoke(Method.java:580)
	at java.base/java.util.ArrayList.forEach(ArrayList.java:1596)
	at java.base/java.util.ArrayList.forEach(ArrayList.java:1596)
]]></error>
  </testcase>
  <testcase name="rechargeWallet_MaximumAmount" classname="org.harsh.tuple.paisa.service.WalletServiceTest" time="0.005"/>
  <testcase name="transferWallet_InsufficientBalance" classname="org.harsh.tuple.paisa.service.WalletServiceTest" time="0.005">
    <failure message="Unexpected exception type thrown, expected: &lt;org.harsh.tuple.paisa.exception.InsufficientBalanceException&gt; but was: &lt;java.util.NoSuchElementException&gt;" type="org.opentest4j.AssertionFailedError"><![CDATA[org.opentest4j.AssertionFailedError: Unexpected exception type thrown, expected: <org.harsh.tuple.paisa.exception.InsufficientBalanceException> but was: <java.util.NoSuchElementException>
	at org.junit.jupiter.api.AssertionFailureBuilder.build(AssertionFailureBuilder.java:151)
	at org.junit.jupiter.api.AssertThrows.assertThrows(AssertThrows.java:67)
	at org.junit.jupiter.api.AssertThrows.assertThrows(AssertThrows.java:35)
	at org.junit.jupiter.api.Assertions.assertThrows(Assertions.java:3115)
	at org.harsh.tuple.paisa.service.WalletServiceTest.transferWallet_InsufficientBalance(WalletServiceTest.java:198)
	at java.base/java.lang.reflect.Method.invoke(Method.java:580)
	at java.base/java.util.ArrayList.forEach(ArrayList.java:1596)
	at java.base/java.util.ArrayList.forEach(ArrayList.java:1596)
Caused by: java.util.NoSuchElementException: No value present
	at java.base/java.util.Optional.get(Optional.java:143)
	at org.harsh.tuple.paisa.service.WalletService.transferWallet(WalletService.java:89)
	at org.harsh.tuple.paisa.service.WalletServiceTest.lambda$transferWallet_InsufficientBalance$3(WalletServiceTest.java:199)
	at org.junit.jupiter.api.AssertThrows.assertThrows(AssertThrows.java:53)
	... 6 more
]]></failure>
  </testcase>
  <testcase name="getCombinedHistory_InvalidPageSize" classname="org.harsh.tuple.paisa.service.WalletServiceTest" time="0.003"/>
  <testcase name="sendEmail_Success" classname="org.harsh.tuple.paisa.service.WalletServiceTest" time="0.006"/>
  <testcase name="getHistory_EmptyHistory" classname="org.harsh.tuple.paisa.service.WalletServiceTest" time="0.003">
    <system-out><![CDATA[2025-06-28T20:18:53.839+05:30  INFO 249357 --- [tuplePaisa] [           main] o.h.tuple.paisa.service.WalletService    : getting history and returning list
]]></system-out>
  </testcase>
  <testcase name="getCombinedHistory_SortingWithEqualTimestamps" classname="org.harsh.tuple.paisa.service.WalletServiceTest" time="0.004"/>
  <testcase name="getHistory_MultipleUsers" classname="org.harsh.tuple.paisa.service.WalletServiceTest" time="0.004">
    <system-out><![CDATA[2025-06-28T20:18:53.849+05:30  INFO 249357 --- [tuplePaisa] [           main] o.h.tuple.paisa.service.WalletService    : adding history
2025-06-28T20:18:53.849+05:30  INFO 249357 --- [tuplePaisa] [           main] o.h.tuple.paisa.service.WalletService    : history added calling get history
2025-06-28T20:18:53.849+05:30  INFO 249357 --- [tuplePaisa] [           main] o.h.tuple.paisa.service.WalletService    : getting history and returning list
2025-06-28T20:18:53.849+05:30  INFO 249357 --- [tuplePaisa] [           main] o.h.tuple.paisa.service.WalletService    : adding history
2025-06-28T20:18:53.849+05:30  INFO 249357 --- [tuplePaisa] [           main] o.h.tuple.paisa.service.WalletService    : history added calling get history
2025-06-28T20:18:53.849+05:30  INFO 249357 --- [tuplePaisa] [           main] o.h.tuple.paisa.service.WalletService    : getting history and returning list
2025-06-28T20:18:53.849+05:30  INFO 249357 --- [tuplePaisa] [           main] o.h.tuple.paisa.service.WalletService    : getting history and returning list
2025-06-28T20:18:53.849+05:30  INFO 249357 --- [tuplePaisa] [           main] o.h.tuple.paisa.service.WalletService    : getting history and returning list
]]></system-out>
  </testcase>
  <testcase name="addHistory_NullHistory" classname="org.harsh.tuple.paisa.service.WalletServiceTest" time="0.005">
    <system-out><![CDATA[2025-06-28T20:18:53.855+05:30  INFO 249357 --- [tuplePaisa] [           main] o.h.tuple.paisa.service.WalletService    : adding history
]]></system-out>
  </testcase>
  <testcase name="transferWallet_Success" classname="org.harsh.tuple.paisa.service.WalletServiceTest" time="0.008">
    <error message="No value present" type="java.util.NoSuchElementException"><![CDATA[java.util.NoSuchElementException: No value present
	at java.base/java.util.Optional.get(Optional.java:143)
	at org.harsh.tuple.paisa.service.WalletService.transferWallet(WalletService.java:89)
	at org.harsh.tuple.paisa.service.WalletServiceTest.transferWallet_Success(WalletServiceTest.java:159)
	at java.base/java.lang.reflect.Method.invoke(Method.java:580)
	at java.base/java.util.ArrayList.forEach(ArrayList.java:1596)
	at java.base/java.util.ArrayList.forEach(ArrayList.java:1596)
]]></error>
  </testcase>
  <testcase name="rechargeWallet_VerifyEmailSent" classname="org.harsh.tuple.paisa.service.WalletServiceTest" time="0.007"/>
  <testcase name="transferWallet_SameSenderAndRecipient" classname="org.harsh.tuple.paisa.service.WalletServiceTest" time="0.005">
    <failure message="Unexpected exception type thrown, expected: &lt;org.harsh.tuple.paisa.exception.WalletNotFoundException&gt; but was: &lt;java.util.NoSuchElementException&gt;" type="org.opentest4j.AssertionFailedError"><![CDATA[org.opentest4j.AssertionFailedError: Unexpected exception type thrown, expected: <org.harsh.tuple.paisa.exception.WalletNotFoundException> but was: <java.util.NoSuchElementException>
	at org.junit.jupiter.api.AssertionFailureBuilder.build(AssertionFailureBuilder.java:151)
	at org.junit.jupiter.api.AssertThrows.assertThrows(AssertThrows.java:67)
	at org.junit.jupiter.api.AssertThrows.assertThrows(AssertThrows.java:35)
	at org.junit.jupiter.api.Assertions.assertThrows(Assertions.java:3115)
	at org.harsh.tuple.paisa.service.WalletServiceTest.transferWallet_SameSenderAndRecipient(WalletServiceTest.java:429)
	at java.base/java.lang.reflect.Method.invoke(Method.java:580)
	at java.base/java.util.ArrayList.forEach(ArrayList.java:1596)
	at java.base/java.util.ArrayList.forEach(ArrayList.java:1596)
Caused by: java.util.NoSuchElementException: No value present
	at java.base/java.util.Optional.get(Optional.java:143)
	at org.harsh.tuple.paisa.service.WalletService.transferWallet(WalletService.java:89)
	at org.harsh.tuple.paisa.service.WalletServiceTest.lambda$transferWallet_SameSenderAndRecipient$12(WalletServiceTest.java:430)
	at org.junit.jupiter.api.AssertThrows.assertThrows(AssertThrows.java:53)
	... 6 more
]]></failure>
  </testcase>
  <testcase name="getBalance_WalletNotFound" classname="org.harsh.tuple.paisa.service.WalletServiceTest" time="0.006"/>
</testsuite>