<?xml version="1.0" encoding="UTF-8"?>
<testsuite xmlns:xsi="http://www.w3.org/2001/XMLSchema-instance" xsi:noNamespaceSchemaLocation="https://maven.apache.org/surefire/maven-surefire-plugin/xsd/surefire-test-report-3.0.xsd" version="3.0" name="org.harsh.tuple.paisa.service.UserServiceTest" time="2.121" tests="13" errors="0" skipped="0" failures="0">
  <properties>
[...]
</properties>
  <testcase name="testLoginUser_InvalidPassword" classname="org.harsh.tuple.paisa.service.UserServiceTest" time="0.741">
    <system-out><![CDATA[2025-06-28T20:18:51.171+05:30  INFO 249357 --- [tuplePaisa] [           main] o.harsh.tuple.paisa.service.UserService  : User login attempt for Username: testUser
2025-06-28T20:18:51.443+05:30 ERROR 249357 --- [tuplePaisa] [           main] o.harsh.tuple.paisa.service.UserService  : Invalid password attempt for Username: testUser
]]></system-out>
  </testcase>
  <testcase name="testFindUserByUsername" classname="org.harsh.tuple.paisa.service.UserServiceTest" time="0.008"/>
  <testcase name="testDeleteUser_Success" classname="org.harsh.tuple.paisa.service.UserServiceTest" time="0.012"/>
  <testcase name="testLoginUser_SuccessfulLogin" classname="org.harsh.tuple.paisa.service.UserServiceTest" time="0.423">
    <system-out><![CDATA[2025-06-28T20:18:51.736+05:30  INFO 249357 --- [tuplePaisa] [           main] o.harsh.tuple.paisa.service.UserService  : User login attempt for Username: testUser
2025-06-28T20:18:51.909+05:30  INFO 249357 --- [tuplePaisa] [           main] o.harsh.tuple.paisa.service.UserService  : User logged in successfully: testUser
]]></system-out>
  </testcase>
  <testcase name="testRegisterUser_Success" classname="org.harsh.tuple.paisa.service.UserServiceTest" time="0.174">
    <system-out><![CDATA[2025-06-28T20:18:51.920+05:30  INFO 249357 --- [tuplePaisa] [           main] o.harsh.tuple.paisa.service.UserService  : Registering user with Username: testuser
2025-06-28T20:18:52.085+05:30  INFO 249357 --- [tuplePaisa] [           main] o.harsh.tuple.paisa.service.UserService  : User registered successfully, initializing Wallet Creation: testuser
2025-06-28T20:18:52.085+05:30  INFO 249357 --- [tuplePaisa] [           main] o.harsh.tuple.paisa.service.UserService  : Wallet registered successfully: 0.0
]]></system-out>
  </testcase>
  <testcase name="testLoginUser_Success" classname="org.harsh.tuple.paisa.service.UserServiceTest" time="0.284">
    <system-out><![CDATA[2025-06-28T20:18:52.235+05:30  INFO 249357 --- [tuplePaisa] [           main] o.harsh.tuple.paisa.service.UserService  : User login attempt for Username: testuser
2025-06-28T20:18:52.371+05:30  INFO 249357 --- [tuplePaisa] [           main] o.harsh.tuple.paisa.service.UserService  : User logged in successfully: testuser
]]></system-out>
  </testcase>
  <testcase name="testGetSuggestions_NoResults" classname="org.harsh.tuple.paisa.service.UserServiceTest" time="0.004"/>
  <testcase name="testGetSuggestions_InvalidJson" classname="org.harsh.tuple.paisa.service.UserServiceTest" time="0.014">
    <system-err><![CDATA[com.fasterxml.jackson.core.JsonParseException: Unexpected character ('i' (code 105)): was expecting double-quote to start field name
 at [Source: REDACTED (`StreamReadFeature.INCLUDE_SOURCE_IN_LOCATION` disabled); line: 1, column: 2]
	at com.fasterxml.jackson.core.JsonParser._constructReadException(JsonParser.java:2648)
	at com.fasterxml.jackson.core.base.ParserMinimalBase._reportUnexpectedChar(ParserMinimalBase.java:685)
	at com.fasterxml.jackson.core.json.ReaderBasedJsonParser._handleOddName(ReaderBasedJsonParser.java:1910)
	at com.fasterxml.jackson.core.json.ReaderBasedJsonParser.nextFieldName(ReaderBasedJsonParser.java:940)
	at com.fasterxml.jackson.databind.deser.std.BaseNodeDeserializer._deserializeContainerNoRecursion(JsonNodeDeserializer.java:536)
	at com.fasterxml.jackson.databind.deser.std.JsonNodeDeserializer.deserialize(JsonNodeDeserializer.java:100)
	at com.fasterxml.jackson.databind.deser.std.JsonNodeDeserializer.deserialize(JsonNodeDeserializer.java:25)
	at com.fasterxml.jackson.databind.deser.DefaultDeserializationContext.readRootValue(DefaultDeserializationContext.java:342)
	at com.fasterxml.jackson.databind.ObjectMapper._readTreeAndClose(ObjectMapper.java:4947)
	at com.fasterxml.jackson.databind.ObjectMapper.readTree(ObjectMapper.java:3280)
	at org.harsh.tuple.paisa.service.UserService.getSuggestions(UserService.java:116)
	at org.harsh.tuple.paisa.service.UserServiceTest.testGetSuggestions_InvalidJson(UserServiceTest.java:263)
	at java.base/jdk.internal.reflect.DirectMethodHandleAccessor.invoke(DirectMethodHandleAccessor.java:103)
	at java.base/java.lang.reflect.Method.invoke(Method.java:580)
	at org.junit.platform.commons.util.ReflectionUtils.invokeMethod(ReflectionUtils.java:728)
	at org.junit.jupiter.engine.execution.MethodInvocation.proceed(MethodInvocation.java:60)
	at org.junit.jupiter.engine.execution.InvocationInterceptorChain$ValidatingInvocation.proceed(InvocationInterceptorChain.java:131)
	at org.junit.jupiter.engine.extension.TimeoutExtension.intercept(TimeoutExtension.java:156)
	at org.junit.jupiter.engine.extension.TimeoutExtension.interceptTestableMethod(TimeoutExtension.java:147)
	at org.junit.jupiter.engine.extension.TimeoutExtension.interceptTestMethod(TimeoutExtension.java:86)
	at org.junit.jupiter.engine.execution.InterceptingExecutableInvoker$ReflectiveInterceptorCall.lambda$ofVoidMethod$0(InterceptingExecutableInvoker.java:103)
	at org.junit.jupiter.engine.execution.InterceptingExecutableInvoker.lambda$invoke$0(InterceptingExecutableInvoker.java:93)
	at org.junit.jupiter.engine.execution.InvocationInterceptorChain$InterceptedInvocation.proceed(InvocationInterceptorChain.java:106)
	at org.junit.jupiter.engine.execution.InvocationInterceptorChain.proceed(InvocationInterceptorChain.java:64)
	at org.junit.jupiter.engine.execution.InvocationInterceptorChain.chainAndInvoke(InvocationInterceptorChain.java:45)
	at org.junit.jupiter.engine.execution.InvocationInterceptorChain.invoke(InvocationInterceptorChain.java:37)
	at org.junit.jupiter.engine.execution.InterceptingExecutableInvoker.invoke(InterceptingExecutableInvoker.java:92)
	at org.junit.jupiter.engine.execution.InterceptingExecutableInvoker.invoke(InterceptingExecutableInvoker.java:86)
	at org.junit.jupiter.engine.descriptor.TestMethodTestDescriptor.lambda$invokeTestMethod$7(TestMethodTestDescriptor.java:218)
	at org.junit.platform.engine.support.hierarchical.ThrowableCollector.execute(ThrowableCollector.java:73)
	at org.junit.jupiter.engine.descriptor.TestMethodTestDescriptor.invokeTestMethod(TestMethodTestDescriptor.java:214)
	at org.junit.jupiter.engine.descriptor.TestMethodTestDescriptor.execute(TestMethodTestDescriptor.java:139)
	at org.junit.jupiter.engine.descriptor.TestMethodTestDescriptor.execute(TestMethodTestDescriptor.java:69)
	at org.junit.platform.engine.support.hierarchical.NodeTestTask.lambda$executeRecursively$6(NodeTestTask.java:156)
	at org.junit.platform.engine.support.hierarchical.ThrowableCollector.execute(ThrowableCollector.java:73)
	at org.junit.platform.engine.support.hierarchical.NodeTestTask.lambda$executeRecursively$8(NodeTestTask.java:146)
	at org.junit.platform.engine.support.hierarchical.Node.around(Node.java:137)
	at org.junit.platform.engine.support.hierarchical.NodeTestTask.lambda$executeRecursively$9(NodeTestTask.java:144)
	at org.junit.platform.engine.support.hierarchical.ThrowableCollector.execute(ThrowableCollector.java:73)
	at org.junit.platform.engine.support.hierarchical.NodeTestTask.executeRecursively(NodeTestTask.java:143)
	at org.junit.platform.engine.support.hierarchical.NodeTestTask.execute(NodeTestTask.java:100)
	at java.base/java.util.ArrayList.forEach(ArrayList.java:1596)
	at org.junit.platform.engine.support.hierarchical.SameThreadHierarchicalTestExecutorService.invokeAll(SameThreadHierarchicalTestExecutorService.java:41)
	at org.junit.platform.engine.support.hierarchical.NodeTestTask.lambda$executeRecursively$6(NodeTestTask.java:160)
	at org.junit.platform.engine.support.hierarchical.ThrowableCollector.execute(ThrowableCollector.java:73)
	at org.junit.platform.engine.support.hierarchical.NodeTestTask.lambda$executeRecursively$8(NodeTestTask.java:146)
	at org.junit.platform.engine.support.hierarchical.Node.around(Node.java:137)
	at org.junit.platform.engine.support.hierarchical.NodeTestTask.lambda$executeRecursively$9(NodeTestTask.java:144)
	at org.junit.platform.engine.support.hierarchical.ThrowableCollector.execute(ThrowableCollector.java:73)
	at org.junit.platform.engine.support.hierarchical.NodeTestTask.executeRecursively(NodeTestTask.java:143)
	at org.junit.platform.engine.support.hierarchical.NodeTestTask.execute(NodeTestTask.java:100)
	at java.base/java.util.ArrayList.forEach(ArrayList.java:1596)
	at org.junit.platform.engine.support.hierarchical.SameThreadHierarchicalTestExecutorService.invokeAll(SameThreadHierarchicalTestExecutorService.java:41)
	at org.junit.platform.engine.support.hierarchical.NodeTestTask.lambda$executeRecursively$6(NodeTestTask.java:160)
	at org.junit.platform.engine.support.hierarchical.ThrowableCollector.execute(ThrowableCollector.java:73)
	at org.junit.platform.engine.support.hierarchical.NodeTestTask.lambda$executeRecursively$8(NodeTestTask.java:146)
	at org.junit.platform.engine.support.hierarchical.Node.around(Node.java:137)
	at org.junit.platform.engine.support.hierarchical.NodeTestTask.lambda$executeRecursively$9(NodeTestTask.java:144)
	at org.junit.platform.engine.support.hierarchical.ThrowableCollector.execute(ThrowableCollector.java:73)
	at org.junit.platform.engine.support.hierarchical.NodeTestTask.executeRecursively(NodeTestTask.java:143)
	at org.junit.platform.engine.support.hierarchical.NodeTestTask.execute(NodeTestTask.java:100)
	at org.junit.platform.engine.support.hierarchical.SameThreadHierarchicalTestExecutorService.submit(SameThreadHierarchicalTestExecutorService.java:35)
	at org.junit.platform.engine.support.hierarchical.HierarchicalTestExecutor.execute(HierarchicalTestExecutor.java:57)
	at org.junit.platform.engine.support.hierarchical.HierarchicalTestEngine.execute(HierarchicalTestEngine.java:54)
	at org.junit.platform.launcher.core.EngineExecutionOrchestrator.execute(EngineExecutionOrchestrator.java:198)
	at org.junit.platform.launcher.core.EngineExecutionOrchestrator.execute(EngineExecutionOrchestrator.java:169)
	at org.junit.platform.launcher.core.EngineExecutionOrchestrator.execute(EngineExecutionOrchestrator.java:93)
	at org.junit.platform.launcher.core.EngineExecutionOrchestrator.lambda$execute$0(EngineExecutionOrchestrator.java:58)
	at org.junit.platform.launcher.core.EngineExecutionOrchestrator.withInterceptedStreams(EngineExecutionOrchestrator.java:141)
	at org.junit.platform.launcher.core.EngineExecutionOrchestrator.execute(EngineExecutionOrchestrator.java:57)
	at org.junit.platform.launcher.core.DefaultLauncher.execute(DefaultLauncher.java:103)
	at org.junit.platform.launcher.core.DefaultLauncher.execute(DefaultLauncher.java:85)
	at org.junit.platform.launcher.core.DelegatingLauncher.execute(DelegatingLauncher.java:47)
	at org.apache.maven.surefire.junitplatform.LazyLauncher.execute(LazyLauncher.java:56)
	at org.apache.maven.surefire.junitplatform.JUnitPlatformProvider.execute(JUnitPlatformProvider.java:184)
	at org.apache.maven.surefire.junitplatform.JUnitPlatformProvider.invokeAllTests(JUnitPlatformProvider.java:148)
	at org.apache.maven.surefire.junitplatform.JUnitPlatformProvider.invoke(JUnitPlatformProvider.java:122)
	at org.apache.maven.surefire.booter.ForkedBooter.runSuitesInProcess(ForkedBooter.java:385)
	at org.apache.maven.surefire.booter.ForkedBooter.execute(ForkedBooter.java:162)
	at org.apache.maven.surefire.booter.ForkedBooter.run(ForkedBooter.java:507)
	at org.apache.maven.surefire.booter.ForkedBooter.main(ForkedBooter.java:495)
]]></system-err>
  </testcase>
  <testcase name="testDeleteUser_SuccessfulDeletion" classname="org.harsh.tuple.paisa.service.UserServiceTest" time="0.009"/>
  <testcase name="testRegisterUser_UserAlreadyExists" classname="org.harsh.tuple.paisa.service.UserServiceTest" time="0.014">
    <system-out><![CDATA[2025-06-28T20:18:52.414+05:30  INFO 249357 --- [tuplePaisa] [           main] o.harsh.tuple.paisa.service.UserService  : Registering user with Username: testuser
2025-06-28T20:18:52.416+05:30 ERROR 249357 --- [tuplePaisa] [           main] o.harsh.tuple.paisa.service.UserService  : User with Username testuser already exists.
]]></system-out>
  </testcase>
  <testcase name="testGetSuggestions_ValidJson" classname="org.harsh.tuple.paisa.service.UserServiceTest" time="0.014"/>
  <testcase name="testDeleteUser_UserNotFound" classname="org.harsh.tuple.paisa.service.UserServiceTest" time="0.011">
    <system-out><![CDATA[2025-06-28T20:18:52.446+05:30 ERROR 249357 --- [tuplePaisa] [           main] o.harsh.tuple.paisa.service.UserService  : User not found with id: user123
]]></system-out>
  </testcase>
  <testcase name="testLoginUser_InvalidCredentials" classname="org.harsh.tuple.paisa.service.UserServiceTest" time="0.377">
    <system-out><![CDATA[2025-06-28T20:18:52.644+05:30  INFO 249357 --- [tuplePaisa] [           main] o.harsh.tuple.paisa.service.UserService  : User login attempt for Username: testuser
2025-06-28T20:18:52.826+05:30 ERROR 249357 --- [tuplePaisa] [           main] o.harsh.tuple.paisa.service.UserService  : Invalid password attempt for Username: testuser
]]></system-out>
  </testcase>
</testsuite>